# JRE version: OpenJDK Runtime Environment GraalVM CE 22.3.0 (17.0.5+8) (build 17.0.5+8-jvmci-22.3-b08)
# Java VM: OpenJDK 64-Bit Server VM GraalVM CE 22.3.0 (17.0.5+8-jvmci-22.3-b08, mixed mode, sharing, tiered, jvmci, jvmci compiler, compressed oops, compressed class ptrs, parallel gc, linux-amd64)
GC Precious Log:
 CPUs: 4 total, 1 available
 Memory: 1024M
 Large Page Support: Disabled
 NUMA Support: Disabled
 Compressed Oops: Enabled (32-bit)
 Alignments: Space 512K, Generation 512K, Heap 2M
 Heap Min Capacity: 100M
 Heap Initial Capacity: 100M
 Heap Max Capacity: 512M
 Pre-touch: Disabled
 Parallel Workers: 1
Heap:
 PSYoungGen      total 38912K, used 22016K [0x00000000f5580000, 0x00000000f8d80000, 0x0000000100000000)
  eden space 22016K, 100% used [0x00000000f5580000,0x00000000f6b00000,0x00000000f6b00000)
  from space 16896K, 0% used [0x00000000f7d00000,0x00000000f7d00000,0x00000000f8d80000)
  to   space 9728K, 0% used [0x00000000f6b00000,0x00000000f6b00000,0x00000000f7480000)
 ParOldGen       total 349696K, used 349694K [0x00000000e0000000, 0x00000000f5580000, 0x00000000f5580000)
  object space 349696K, 99% used [0x00000000e0000000,0x00000000f557f8e8,0x00000000f5580000)
 Metaspace       used 62527K, committed 63488K, reserved 1114112K
  class space    used 6036K, committed 6464K, reserved 1048576K
GC Heap History (20 events):
Event: 863.522 GC heap before
{Heap before GC invocations=699 (full 593):
 PSYoungGen      total 38912K, used 22015K [0x00000000f5580000, 0x00000000f8d80000, 0x0000000100000000)
  eden space 22016K, 99% used [0x00000000f5580000,0x00000000f6affff8,0x00000000f6b00000)
  from space 16896K, 0% used [0x00000000f7d00000,0x00000000f7d00000,0x00000000f8d80000)
  to   space 9728K, 0% used [0x00000000f6b00000,0x00000000f6b00000,0x00000000f7480000)
 ParOldGen       total 349696K, used 349695K [0x00000000e0000000, 0x00000000f5580000, 0x00000000f5580000)
  object space 349696K, 99% used [0x00000000e0000000,0x00000000f557fff0,0x00000000f5580000)
 Metaspace       used 62527K, committed 63488K, reserved 1114112K
  class space    used 6036K, committed 6464K, reserved 1048576K
}
Event: 864.758 GC heap after
{Heap after GC invocations=699 (full 593):
 PSYoungGen      total 31744K, used 22015K [0x00000000f5580000, 0x00000000f8d80000, 0x0000000100000000)
  eden space 22016K, 99% used [0x00000000f5580000,0x00000000f6affff8,0x00000000f6b00000)
  from space 9728K, 0% used [0x00000000f6b00000,0x00000000f6b00000,0x00000000f7480000)
  to   space 16896K, 0% used [0x00000000f7d00000,0x00000000f7d00000,0x00000000f8d80000)
 ParOldGen       total 349696K, used 349695K [0x00000000e0000000, 0x00000000f5580000, 0x00000000f5580000)
  object space 349696K, 99% used [0x00000000e0000000,0x00000000f557fff0,0x00000000f5580000)
 Metaspace       used 62527K, committed 63488K, reserved 1114112K
  class space    used 6036K, committed 6464K, reserved 1048576K
}
Event: 864.761 GC heap before
{Heap before GC invocations=700 (full 594):
 PSYoungGen      total 31744K, used 22015K [0x00000000f5580000, 0x00000000f8d80000, 0x0000000100000000)
  eden space 22016K, 99% used [0x00000000f5580000,0x00000000f6affff8,0x00000000f6b00000)
  from space 9728K, 0% used [0x00000000f6b00000,0x00000000f6b00000,0x00000000f7480000)
  to   space 16896K, 0% used [0x00000000f7d00000,0x00000000f7d00000,0x00000000f8d80000)
 ParOldGen       total 349696K, used 349695K [0x00000000e0000000, 0x00000000f5580000, 0x00000000f5580000)
  object space 349696K, 99% used [0x00000000e0000000,0x00000000f557fff0,0x00000000f5580000)
 Metaspace       used 62527K, committed 63488K, reserved 1114112K
  class space    used 6036K, committed 6464K, reserved 1048576K
}
Event: 866.114 GC heap after
{Heap after GC invocations=700 (full 594):
 PSYoungGen      total 38912K, used 22015K [0x00000000f5580000, 0x00000000f8d80000, 0x0000000100000000)
  eden space 22016K, 99% used [0x00000000f5580000,0x00000000f6afffd8,0x00000000f6b00000)
  from space 16896K, 0% used [0x00000000f7d00000,0x00000000f7d00000,0x00000000f8d80000)
  to   space 9728K, 0% used [0x00000000f6b00000,0x00000000f6b00000,0x00000000f7480000)
 ParOldGen       total 349696K, used 349694K [0x00000000e0000000, 0x00000000f5580000, 0x00000000f5580000)
  object space 349696K, 99% used [0x00000000e0000000,0x00000000f557fa50,0x00000000f5580000)
 Metaspace       used 62527K, committed 63488K, reserved 1114112K
  class space    used 6036K, committed 6464K, reserved 1048576K
}
Event: 866.116 GC heap before
{Heap before GC invocations=701 (full 595):
 PSYoungGen      total 38912K, used 22015K [0x00000000f5580000, 0x00000000f8d80000, 0x0000000100000000)
  eden space 22016K, 99% used [0x00000000f5580000,0x00000000f6affff0,0x00000000f6b00000)
  from space 16896K, 0% used [0x00000000f7d00000,0x00000000f7d00000,0x00000000f8d80000)
  to   space 9728K, 0% used [0x00000000f6b00000,0x00000000f6b00000,0x00000000f7480000)
 ParOldGen       total 349696K, used 349694K [0x00000000e0000000, 0x00000000f5580000, 0x00000000f5580000)
  object space 349696K, 99% used [0x00000000e0000000,0x00000000f557fa50,0x00000000f5580000)
 Metaspace       used 62527K, committed 63488K, reserved 1114112K
  class space    used 6036K, committed 6464K, reserved 1048576K
}
Event: 867.321 GC heap after
{Heap after GC invocations=701 (full 595):
 PSYoungGen      total 31744K, used 22015K [0x00000000f5580000, 0x00000000f8d80000, 0x0000000100000000)
  eden space 22016K, 99% used [0x00000000f5580000,0x00000000f6affff0,0x00000000f6b00000)
  from space 9728K, 0% used [0x00000000f6b00000,0x00000000f6b00000,0x00000000f7480000)
  to   space 16896K, 0% used [0x00000000f7d00000,0x00000000f7d00000,0x00000000f8d80000)
 ParOldGen       total 349696K, used 349694K [0x00000000e0000000, 0x00000000f5580000, 0x00000000f5580000)
  object space 349696K, 99% used [0x00000000e0000000,0x00000000f557fa50,0x00000000f5580000)
 Metaspace       used 62527K, committed 63488K, reserved 1114112K
  class space    used 6036K, committed 6464K, reserved 1048576K
}
Event: 867.324 GC heap before
{Heap before GC invocations=702 (full 596):
 PSYoungGen      total 31744K, used 22015K [0x00000000f5580000, 0x00000000f8d80000, 0x0000000100000000)
  eden space 22016K, 99% used [0x00000000f5580000,0x00000000f6affff0,0x00000000f6b00000)
  from space 9728K, 0% used [0x00000000f6b00000,0x00000000f6b00000,0x00000000f7480000)
  to   space 16896K, 0% used [0x00000000f7d00000,0x00000000f7d00000,0x00000000f8d80000)
 ParOldGen       total 349696K, used 349695K [0x00000000e0000000, 0x00000000f5580000, 0x00000000f5580000)
  object space 349696K, 99% used [0x00000000e0000000,0x00000000f557ffd0,0x00000000f5580000)
 Metaspace       used 62527K, committed 63488K, reserved 1114112K
  class space    used 6036K, committed 6464K, reserved 1048576K
}
Event: 868.473 GC heap after
{Heap after GC invocations=702 (full 596):
 PSYoungGen      total 38912K, used 22015K [0x00000000f5580000, 0x00000000f8d80000, 0x0000000100000000)
  eden space 22016K, 99% used [0x00000000f5580000,0x00000000f6afffd8,0x00000000f6b00000)
  from space 16896K, 0% used [0x00000000f7d00000,0x00000000f7d00000,0x00000000f8d80000)
  to   space 9728K, 0% used [0x00000000f6b00000,0x00000000f6b00000,0x00000000f7480000)
 ParOldGen       total 349696K, used 349695K [0x00000000e0000000, 0x00000000f5580000, 0x00000000f5580000)
  object space 349696K, 99% used [0x00000000e0000000,0x00000000f557fcb0,0x00000000f5580000)
 Metaspace       used 62527K, committed 63488K, reserved 1114112K
  class space    used 6036K, committed 6464K, reserved 1048576K
}
Event: 868.475 GC heap before
{Heap before GC invocations=703 (full 597):
 PSYoungGen      total 38912K, used 22015K [0x00000000f5580000, 0x00000000f8d80000, 0x0000000100000000)
  eden space 22016K, 99% used [0x00000000f5580000,0x00000000f6affff8,0x00000000f6b00000)
  from space 16896K, 0% used [0x00000000f7d00000,0x00000000f7d00000,0x00000000f8d80000)
  to   space 9728K, 0% used [0x00000000f6b00000,0x00000000f6b00000,0x00000000f7480000)
 ParOldGen       total 349696K, used 349695K [0x00000000e0000000, 0x00000000f5580000, 0x00000000f5580000)
  object space 349696K, 99% used [0x00000000e0000000,0x00000000f557ffe0,0x00000000f5580000)
 Metaspace       used 62527K, committed 63488K, reserved 1114112K
  class space    used 6036K, committed 6464K, reserved 1048576K
}
Event: 869.665 GC heap after
{Heap after GC invocations=703 (full 597):
 PSYoungGen      total 31744K, used 22015K [0x00000000f5580000, 0x00000000f8d80000, 0x0000000100000000)
  eden space 22016K, 99% used [0x00000000f5580000,0x00000000f6afffa0,0x00000000f6b00000)
  from space 9728K, 0% used [0x00000000f6b00000,0x00000000f6b00000,0x00000000f7480000)
  to   space 16896K, 0% used [0x00000000f7d00000,0x00000000f7d00000,0x00000000f8d80000)
 ParOldGen       total 349696K, used 349694K [0x00000000e0000000, 0x00000000f5580000, 0x00000000f5580000)
  object space 349696K, 99% used [0x00000000e0000000,0x00000000f557fb00,0x00000000f5580000)
 Metaspace       used 62527K, committed 63488K, reserved 1114112K
  class space    used 6036K, committed 6464K, reserved 1048576K
}
Event: 869.665 GC heap before
{Heap before GC invocations=704 (full 598):
 PSYoungGen      total 31744K, used 22016K [0x00000000f5580000, 0x00000000f8d80000, 0x0000000100000000)
  eden space 22016K, 100% used [0x00000000f5580000,0x00000000f6b00000,0x00000000f6b00000)
  from space 9728K, 0% used [0x00000000f6b00000,0x00000000f6b00000,0x00000000f7480000)
  to   space 16896K, 0% used [0x00000000f7d00000,0x00000000f7d00000,0x00000000f8d80000)
 ParOldGen       total 349696K, used 349694K [0x00000000e0000000, 0x00000000f5580000, 0x00000000f5580000)
  object space 349696K, 99% used [0x00000000e0000000,0x00000000f557fb00,0x00000000f5580000)
 Metaspace       used 62527K, committed 63488K, reserved 1114112K
  class space    used 6036K, committed 6464K, reserved 1048576K
}
Event: 870.846 GC heap after
{Heap after GC invocations=704 (full 598):
 PSYoungGen      total 38912K, used 22016K [0x00000000f5580000, 0x00000000f8d80000, 0x0000000100000000)
  eden space 22016K, 100% used [0x00000000f5580000,0x00000000f6b00000,0x00000000f6b00000)
  from space 16896K, 0% used [0x00000000f7d00000,0x00000000f7d00000,0x00000000f8d80000)
  to   space 9728K, 0% used [0x00000000f6b00000,0x00000000f6b00000,0x00000000f7480000)
 ParOldGen       total 349696K, used 349694K [0x00000000e0000000, 0x00000000f5580000, 0x00000000f5580000)
  object space 349696K, 99% used [0x00000000e0000000,0x00000000f557fb00,0x00000000f5580000)
 Metaspace       used 62527K, committed 63488K, reserved 1114112K
  class space    used 6036K, committed 6464K, reserved 1048576K
}
Event: 870.847 GC heap before
{Heap before GC invocations=705 (full 599):
 PSYoungGen      total 38912K, used 22016K [0x00000000f5580000, 0x00000000f8d80000, 0x0000000100000000)
  eden space 22016K, 100% used [0x00000000f5580000,0x00000000f6b00000,0x00000000f6b00000)
  from space 16896K, 0% used [0x00000000f7d00000,0x00000000f7d00000,0x00000000f8d80000)
  to   space 9728K, 0% used [0x00000000f6b00000,0x00000000f6b00000,0x00000000f7480000)
 ParOldGen       total 349696K, used 349695K [0x00000000e0000000, 0x00000000f5580000, 0x00000000f5580000)
  object space 349696K, 99% used [0x00000000e0000000,0x00000000f557fd18,0x00000000f5580000)
 Metaspace       used 62527K, committed 63488K, reserved 1114112K
  class space    used 6036K, committed 6464K, reserved 1048576K
}
Event: 872.052 GC heap after
{Heap after GC invocations=705 (full 599):
 PSYoungGen      total 31744K, used 22016K [0x00000000f5580000, 0x00000000f8d80000, 0x0000000100000000)
  eden space 22016K, 100% used [0x00000000f5580000,0x00000000f6b00000,0x00000000f6b00000)
  from space 9728K, 0% used [0x00000000f6b00000,0x00000000f6b00000,0x00000000f7480000)
  to   space 16896K, 0% used [0x00000000f7d00000,0x00000000f7d00000,0x00000000f8d80000)
 ParOldGen       total 349696K, used 349694K [0x00000000e0000000, 0x00000000f5580000, 0x00000000f5580000)
  object space 349696K, 99% used [0x00000000e0000000,0x00000000f557fb58,0x00000000f5580000)
 Metaspace       used 62527K, committed 63488K, reserved 1114112K
  class space    used 6036K, committed 6464K, reserved 1048576K
}
Event: 872.052 GC heap before
{Heap before GC invocations=706 (full 600):
 PSYoungGen      total 31744K, used 22016K [0x00000000f5580000, 0x00000000f8d80000, 0x0000000100000000)
  eden space 22016K, 100% used [0x00000000f5580000,0x00000000f6b00000,0x00000000f6b00000)
  from space 9728K, 0% used [0x00000000f6b00000,0x00000000f6b00000,0x00000000f7480000)
  to   space 16896K, 0% used [0x00000000f7d00000,0x00000000f7d00000,0x00000000f8d80000)
 ParOldGen       total 349696K, used 349694K [0x00000000e0000000, 0x00000000f5580000, 0x00000000f5580000)
  object space 349696K, 99% used [0x00000000e0000000,0x00000000f557fb58,0x00000000f5580000)
 Metaspace       used 62527K, committed 63488K, reserved 1114112K
  class space    used 6036K, committed 6464K, reserved 1048576K
}
Event: 873.272 GC heap after
{Heap after GC invocations=706 (full 600):
 PSYoungGen      total 38912K, used 22016K [0x00000000f5580000, 0x00000000f8d80000, 0x0000000100000000)
  eden space 22016K, 100% used [0x00000000f5580000,0x00000000f6b00000,0x00000000f6b00000)
  from space 16896K, 0% used [0x00000000f7d00000,0x00000000f7d00000,0x00000000f8d80000)
  to   space 9728K, 0% used [0x00000000f6b00000,0x00000000f6b00000,0x00000000f7480000)
 ParOldGen       total 349696K, used 349694K [0x00000000e0000000, 0x00000000f5580000, 0x00000000f5580000)
  object space 349696K, 99% used [0x00000000e0000000,0x00000000f557fb58,0x00000000f5580000)
 Metaspace       used 62527K, committed 63488K, reserved 1114112K
  class space    used 6036K, committed 6464K, reserved 1048576K
}
Event: 873.273 GC heap before
{Heap before GC invocations=707 (full 601):
 PSYoungGen      total 38912K, used 22016K [0x00000000f5580000, 0x00000000f8d80000, 0x0000000100000000)
  eden space 22016K, 100% used [0x00000000f5580000,0x00000000f6b00000,0x00000000f6b00000)
  from space 16896K, 0% used [0x00000000f7d00000,0x00000000f7d00000,0x00000000f8d80000)
  to   space 9728K, 0% used [0x00000000f6b00000,0x00000000f6b00000,0x00000000f7480000)
 ParOldGen       total 349696K, used 349695K [0x00000000e0000000, 0x00000000f5580000, 0x00000000f5580000)
  object space 349696K, 99% used [0x00000000e0000000,0x00000000f557fdb0,0x00000000f5580000)
 Metaspace       used 62527K, committed 63488K, reserved 1114112K
  class space    used 6036K, committed 6464K, reserved 1048576K
}
Event: 874.630 GC heap after
{Heap after GC invocations=707 (full 601):
 PSYoungGen      total 31744K, used 22016K [0x00000000f5580000, 0x00000000f8d80000, 0x0000000100000000)
  eden space 22016K, 100% used [0x00000000f5580000,0x00000000f6b00000,0x00000000f6b00000)
  from space 9728K, 0% used [0x00000000f6b00000,0x00000000f6b00000,0x00000000f7480000)
  to   space 16896K, 0% used [0x00000000f7d00000,0x00000000f7d00000,0x00000000f8d80000)
 ParOldGen       total 349696K, used 349693K [0x00000000e0000000, 0x00000000f5580000, 0x00000000f5580000)
  object space 349696K, 99% used [0x00000000e0000000,0x00000000f557f7f0,0x00000000f5580000)
 Metaspace       used 62527K, committed 63488K, reserved 1114112K
  class space    used 6036K, committed 6464K, reserved 1048576K
}
Event: 874.630 GC heap before
{Heap before GC invocations=708 (full 602):
 PSYoungGen      total 31744K, used 22016K [0x00000000f5580000, 0x00000000f8d80000, 0x0000000100000000)
  eden space 22016K, 100% used [0x00000000f5580000,0x00000000f6b00000,0x00000000f6b00000)
  from space 9728K, 0% used [0x00000000f6b00000,0x00000000f6b00000,0x00000000f7480000)
  to   space 16896K, 0% used [0x00000000f7d00000,0x00000000f7d00000,0x00000000f8d80000)
 ParOldGen       total 349696K, used 349693K [0x00000000e0000000, 0x00000000f5580000, 0x00000000f5580000)
  object space 349696K, 99% used [0x00000000e0000000,0x00000000f557f7f0,0x00000000f5580000)
 Metaspace       used 62527K, committed 63488K, reserved 1114112K
  class space    used 6036K, committed 6464K, reserved 1048576K
}
Event: 875.820 GC heap after
{Heap after GC invocations=708 (full 602):
 PSYoungGen      total 38912K, used 22016K [0x00000000f5580000, 0x00000000f8d80000, 0x0000000100000000)
  eden space 22016K, 100% used [0x00000000f5580000,0x00000000f6b00000,0x00000000f6b00000)
  from space 16896K, 0% used [0x00000000f7d00000,0x00000000f7d00000,0x00000000f8d80000)
  to   space 9728K, 0% used [0x00000000f6b00000,0x00000000f6b00000,0x00000000f7480000)
 ParOldGen       total 349696K, used 349693K [0x00000000e0000000, 0x00000000f5580000, 0x00000000f5580000)
  object space 349696K, 99% used [0x00000000e0000000,0x00000000f557f7f0,0x00000000f5580000)
 Metaspace       used 62527K, committed 63488K, reserved 1114112K
  class space    used 6036K, committed 6464K, reserved 1048576K
}

