# JRE version: OpenJDK Runtime Environment GraalVM CE 22.3.0 (17.0.5+8) (build 17.0.5+8-jvmci-22.3-b08)
# Java VM: OpenJDK 64-Bit Server VM GraalVM CE 22.3.0 (17.0.5+8-jvmci-22.3-b08, mixed mode, sharing, tiered, jvmci, jvmci compiler, compressed oops, compressed class ptrs, parallel gc, linux-amd64)
GC Precious Log:
 CPUs: 4 total, 1 available
 Memory: 1024M
 Large Page Support: Disabled
 NUMA Support: Disabled
 Compressed Oops: Enabled (32-bit)
 Alignments: Space 512K, Generation 512K, Heap 2M
 Heap Min Capacity: 100M
 Heap Initial Capacity: 100M
 Heap Max Capacity: 512M
 Pre-touch: Disabled
 Parallel Workers: 1
Heap:
 PSYoungGen      total 44032K, used 31422K [0x00000000f5580000, 0x00000000f9300000, 0x0000000100000000)
  eden space 25600K, 100% used [0x00000000f5580000,0x00000000f6e80000,0x00000000f6e80000)
  from space 18432K, 31% used [0x00000000f8080000,0x00000000f862fb08,0x00000000f9280000)
  to   space 18432K, 0% used [0x00000000f6e80000,0x00000000f6e80000,0x00000000f8080000)
 ParOldGen       total 349696K, used 349695K [0x00000000e0000000, 0x00000000f5580000, 0x00000000f5580000)
  object space 349696K, 99% used [0x00000000e0000000,0x00000000f557ffb0,0x00000000f5580000)
 Metaspace       used 60122K, committed 61312K, reserved 1105920K
  class space    used 5856K, committed 6336K, reserved 1048576K
GC Heap History (20 events):
Event: 789.288 GC heap before
{Heap before GC invocations=532 (full 427):
 PSYoungGen      total 44032K, used 31423K [0x00000000f5580000, 0x00000000f9300000, 0x0000000100000000)
  eden space 25600K, 99% used [0x00000000f5580000,0x00000000f6e7fff0,0x00000000f6e80000)
  from space 18432K, 31% used [0x00000000f8080000,0x00000000f862fdb8,0x00000000f9280000)
  to   space 18432K, 0% used [0x00000000f6e80000,0x00000000f6e80000,0x00000000f8080000)
 ParOldGen       total 349696K, used 349690K [0x00000000e0000000, 0x00000000f5580000, 0x00000000f5580000)
  object space 349696K, 99% used [0x00000000e0000000,0x00000000f557e898,0x00000000f5580000)
 Metaspace       used 60122K, committed 61312K, reserved 1105920K
  class space    used 5856K, committed 6336K, reserved 1048576K
}
Event: 790.849 GC heap after
{Heap after GC invocations=532 (full 427):
 PSYoungGen      total 44032K, used 31423K [0x00000000f5580000, 0x00000000f9300000, 0x0000000100000000)
  eden space 25600K, 99% used [0x00000000f5580000,0x00000000f6e7ff60,0x00000000f6e80000)
  from space 18432K, 31% used [0x00000000f8080000,0x00000000f862fcc8,0x00000000f9280000)
  to   space 18432K, 0% used [0x00000000f6e80000,0x00000000f6e80000,0x00000000f8080000)
 ParOldGen       total 349696K, used 349690K [0x00000000e0000000, 0x00000000f5580000, 0x00000000f5580000)
  object space 349696K, 99% used [0x00000000e0000000,0x00000000f557e898,0x00000000f5580000)
 Metaspace       used 60122K, committed 61312K, reserved 1105920K
  class space    used 5856K, committed 6336K, reserved 1048576K
}
Event: 790.850 GC heap before
{Heap before GC invocations=533 (full 428):
 PSYoungGen      total 44032K, used 31423K [0x00000000f5580000, 0x00000000f9300000, 0x0000000100000000)
  eden space 25600K, 100% used [0x00000000f5580000,0x00000000f6e80000,0x00000000f6e80000)
  from space 18432K, 31% used [0x00000000f8080000,0x00000000f862fcc8,0x00000000f9280000)
  to   space 18432K, 0% used [0x00000000f6e80000,0x00000000f6e80000,0x00000000f8080000)
 ParOldGen       total 349696K, used 349690K [0x00000000e0000000, 0x00000000f5580000, 0x00000000f5580000)
  object space 349696K, 99% used [0x00000000e0000000,0x00000000f557e898,0x00000000f5580000)
 Metaspace       used 60122K, committed 61312K, reserved 1105920K
  class space    used 5856K, committed 6336K, reserved 1048576K
}
Event: 793.252 GC heap after
{Heap after GC invocations=533 (full 428):
 PSYoungGen      total 44032K, used 31423K [0x00000000f5580000, 0x00000000f9300000, 0x0000000100000000)
  eden space 25600K, 99% used [0x00000000f5580000,0x00000000f6e7ffb8,0x00000000f6e80000)
  from space 18432K, 31% used [0x00000000f8080000,0x00000000f862fcc8,0x00000000f9280000)
  to   space 18432K, 0% used [0x00000000f6e80000,0x00000000f6e80000,0x00000000f8080000)
 ParOldGen       total 349696K, used 349690K [0x00000000e0000000, 0x00000000f5580000, 0x00000000f5580000)
  object space 349696K, 99% used [0x00000000e0000000,0x00000000f557e898,0x00000000f5580000)
 Metaspace       used 60122K, committed 61312K, reserved 1105920K
  class space    used 5856K, committed 6336K, reserved 1048576K
}
Event: 793.254 GC heap before
{Heap before GC invocations=534 (full 429):
 PSYoungGen      total 44032K, used 31423K [0x00000000f5580000, 0x00000000f9300000, 0x0000000100000000)
  eden space 25600K, 99% used [0x00000000f5580000,0x00000000f6e7fff8,0x00000000f6e80000)
  from space 18432K, 31% used [0x00000000f8080000,0x00000000f862fcc8,0x00000000f9280000)
  to   space 18432K, 0% used [0x00000000f6e80000,0x00000000f6e80000,0x00000000f8080000)
 ParOldGen       total 349696K, used 349690K [0x00000000e0000000, 0x00000000f5580000, 0x00000000f5580000)
  object space 349696K, 99% used [0x00000000e0000000,0x00000000f557e898,0x00000000f5580000)
 Metaspace       used 60122K, committed 61312K, reserved 1105920K
  class space    used 5856K, committed 6336K, reserved 1048576K
}
Event: 794.905 GC heap after
{Heap after GC invocations=534 (full 429):
 PSYoungGen      total 44032K, used 31423K [0x00000000f5580000, 0x00000000f9300000, 0x0000000100000000)
  eden space 25600K, 99% used [0x00000000f5580000,0x00000000f6e7ffb8,0x00000000f6e80000)
  from space 18432K, 31% used [0x00000000f8080000,0x00000000f862fcc8,0x00000000f9280000)
  to   space 18432K, 0% used [0x00000000f6e80000,0x00000000f6e80000,0x00000000f8080000)
 ParOldGen       total 349696K, used 349690K [0x00000000e0000000, 0x00000000f5580000, 0x00000000f5580000)
  object space 349696K, 99% used [0x00000000e0000000,0x00000000f557e898,0x00000000f5580000)
 Metaspace       used 60122K, committed 61312K, reserved 1105920K
  class space    used 5856K, committed 6336K, reserved 1048576K
}
Event: 794.910 GC heap before
{Heap before GC invocations=535 (full 430):
 PSYoungGen      total 44032K, used 31423K [0x00000000f5580000, 0x00000000f9300000, 0x0000000100000000)
  eden space 25600K, 99% used [0x00000000f5580000,0x00000000f6e7fff8,0x00000000f6e80000)
  from space 18432K, 31% used [0x00000000f8080000,0x00000000f862fcc8,0x00000000f9280000)
  to   space 18432K, 0% used [0x00000000f6e80000,0x00000000f6e80000,0x00000000f8080000)
 ParOldGen       total 349696K, used 349690K [0x00000000e0000000, 0x00000000f5580000, 0x00000000f5580000)
  object space 349696K, 99% used [0x00000000e0000000,0x00000000f557e898,0x00000000f5580000)
 Metaspace       used 60122K, committed 61312K, reserved 1105920K
  class space    used 5856K, committed 6336K, reserved 1048576K
}
Event: 796.341 GC heap after
{Heap after GC invocations=535 (full 430):
 PSYoungGen      total 44032K, used 31423K [0x00000000f5580000, 0x00000000f9300000, 0x0000000100000000)
  eden space 25600K, 99% used [0x00000000f5580000,0x00000000f6e7ffb8,0x00000000f6e80000)
  from space 18432K, 31% used [0x00000000f8080000,0x00000000f862fcc8,0x00000000f9280000)
  to   space 18432K, 0% used [0x00000000f6e80000,0x00000000f6e80000,0x00000000f8080000)
 ParOldGen       total 349696K, used 349690K [0x00000000e0000000, 0x00000000f5580000, 0x00000000f5580000)
  object space 349696K, 99% used [0x00000000e0000000,0x00000000f557e898,0x00000000f5580000)
 Metaspace       used 60122K, committed 61312K, reserved 1105920K
  class space    used 5856K, committed 6336K, reserved 1048576K
}
Event: 796.341 GC heap before
{Heap before GC invocations=536 (full 431):
 PSYoungGen      total 44032K, used 31423K [0x00000000f5580000, 0x00000000f9300000, 0x0000000100000000)
  eden space 25600K, 99% used [0x00000000f5580000,0x00000000f6e7fff8,0x00000000f6e80000)
  from space 18432K, 31% used [0x00000000f8080000,0x00000000f862fcc8,0x00000000f9280000)
  to   space 18432K, 0% used [0x00000000f6e80000,0x00000000f6e80000,0x00000000f8080000)
 ParOldGen       total 349696K, used 349690K [0x00000000e0000000, 0x00000000f5580000, 0x00000000f5580000)
  object space 349696K, 99% used [0x00000000e0000000,0x00000000f557e898,0x00000000f5580000)
 Metaspace       used 60122K, committed 61312K, reserved 1105920K
  class space    used 5856K, committed 6336K, reserved 1048576K
}
Event: 797.812 GC heap after
{Heap after GC invocations=536 (full 431):
 PSYoungGen      total 44032K, used 31423K [0x00000000f5580000, 0x00000000f9300000, 0x0000000100000000)
  eden space 25600K, 99% used [0x00000000f5580000,0x00000000f6e7ffb8,0x00000000f6e80000)
  from space 18432K, 31% used [0x00000000f8080000,0x00000000f862fcc8,0x00000000f9280000)
  to   space 18432K, 0% used [0x00000000f6e80000,0x00000000f6e80000,0x00000000f8080000)
 ParOldGen       total 349696K, used 349690K [0x00000000e0000000, 0x00000000f5580000, 0x00000000f5580000)
  object space 349696K, 99% used [0x00000000e0000000,0x00000000f557e898,0x00000000f5580000)
 Metaspace       used 60122K, committed 61312K, reserved 1105920K
  class space    used 5856K, committed 6336K, reserved 1048576K
}
Event: 797.816 GC heap before
{Heap before GC invocations=537 (full 432):
 PSYoungGen      total 44032K, used 31423K [0x00000000f5580000, 0x00000000f9300000, 0x0000000100000000)
  eden space 25600K, 100% used [0x00000000f5580000,0x00000000f6e80000,0x00000000f6e80000)
  from space 18432K, 31% used [0x00000000f8080000,0x00000000f862fcc8,0x00000000f9280000)
  to   space 18432K, 0% used [0x00000000f6e80000,0x00000000f6e80000,0x00000000f8080000)
 ParOldGen       total 349696K, used 349692K [0x00000000e0000000, 0x00000000f5580000, 0x00000000f5580000)
  object space 349696K, 99% used [0x00000000e0000000,0x00000000f557f360,0x00000000f5580000)
 Metaspace       used 60122K, committed 61312K, reserved 1105920K
  class space    used 5856K, committed 6336K, reserved 1048576K
}
Event: 800.230 GC heap after
{Heap after GC invocations=537 (full 432):
 PSYoungGen      total 44032K, used 31422K [0x00000000f5580000, 0x00000000f9300000, 0x0000000100000000)
  eden space 25600K, 99% used [0x00000000f5580000,0x00000000f6e7ff40,0x00000000f6e80000)
  from space 18432K, 31% used [0x00000000f8080000,0x00000000f862fb38,0x00000000f9280000)
  to   space 18432K, 0% used [0x00000000f6e80000,0x00000000f6e80000,0x00000000f8080000)
 ParOldGen       total 349696K, used 349692K [0x00000000e0000000, 0x00000000f5580000, 0x00000000f5580000)
  object space 349696K, 99% used [0x00000000e0000000,0x00000000f557f288,0x00000000f5580000)
 Metaspace       used 60122K, committed 61312K, reserved 1105920K
  class space    used 5856K, committed 6336K, reserved 1048576K
}
Event: 800.231 GC heap before
{Heap before GC invocations=538 (full 433):
 PSYoungGen      total 44032K, used 31422K [0x00000000f5580000, 0x00000000f9300000, 0x0000000100000000)
  eden space 25600K, 100% used [0x00000000f5580000,0x00000000f6e80000,0x00000000f6e80000)
  from space 18432K, 31% used [0x00000000f8080000,0x00000000f862fb38,0x00000000f9280000)
  to   space 18432K, 0% used [0x00000000f6e80000,0x00000000f6e80000,0x00000000f8080000)
 ParOldGen       total 349696K, used 349692K [0x00000000e0000000, 0x00000000f5580000, 0x00000000f5580000)
  object space 349696K, 99% used [0x00000000e0000000,0x00000000f557f288,0x00000000f5580000)
 Metaspace       used 60122K, committed 61312K, reserved 1105920K
  class space    used 5856K, committed 6336K, reserved 1048576K
}
Event: 801.672 GC heap after
{Heap after GC invocations=538 (full 433):
 PSYoungGen      total 44032K, used 31422K [0x00000000f5580000, 0x00000000f9300000, 0x0000000100000000)
  eden space 25600K, 100% used [0x00000000f5580000,0x00000000f6e80000,0x00000000f6e80000)
  from space 18432K, 31% used [0x00000000f8080000,0x00000000f862fb08,0x00000000f9280000)
  to   space 18432K, 0% used [0x00000000f6e80000,0x00000000f6e80000,0x00000000f8080000)
 ParOldGen       total 349696K, used 349692K [0x00000000e0000000, 0x00000000f5580000, 0x00000000f5580000)
  object space 349696K, 99% used [0x00000000e0000000,0x00000000f557f288,0x00000000f5580000)
 Metaspace       used 60122K, committed 61312K, reserved 1105920K
  class space    used 5856K, committed 6336K, reserved 1048576K
}
Event: 801.676 GC heap before
{Heap before GC invocations=539 (full 434):
 PSYoungGen      total 44032K, used 31422K [0x00000000f5580000, 0x00000000f9300000, 0x0000000100000000)
  eden space 25600K, 100% used [0x00000000f5580000,0x00000000f6e80000,0x00000000f6e80000)
  from space 18432K, 31% used [0x00000000f8080000,0x00000000f862fb08,0x00000000f9280000)
  to   space 18432K, 0% used [0x00000000f6e80000,0x00000000f6e80000,0x00000000f8080000)
 ParOldGen       total 349696K, used 349693K [0x00000000e0000000, 0x00000000f5580000, 0x00000000f5580000)
  object space 349696K, 99% used [0x00000000e0000000,0x00000000f557f530,0x00000000f5580000)
 Metaspace       used 60122K, committed 61312K, reserved 1105920K
  class space    used 5856K, committed 6336K, reserved 1048576K
}
Event: 803.058 GC heap after
{Heap after GC invocations=539 (full 434):
 PSYoungGen      total 44032K, used 31422K [0x00000000f5580000, 0x00000000f9300000, 0x0000000100000000)
  eden space 25600K, 100% used [0x00000000f5580000,0x00000000f6e80000,0x00000000f6e80000)
  from space 18432K, 31% used [0x00000000f8080000,0x00000000f862fb08,0x00000000f9280000)
  to   space 18432K, 0% used [0x00000000f6e80000,0x00000000f6e80000,0x00000000f8080000)
 ParOldGen       total 349696K, used 349692K [0x00000000e0000000, 0x00000000f5580000, 0x00000000f5580000)
  object space 349696K, 99% used [0x00000000e0000000,0x00000000f557f2a0,0x00000000f5580000)
 Metaspace       used 60122K, committed 61312K, reserved 1105920K
  class space    used 5856K, committed 6336K, reserved 1048576K
}
Event: 803.059 GC heap before
{Heap before GC invocations=540 (full 435):
 PSYoungGen      total 44032K, used 31422K [0x00000000f5580000, 0x00000000f9300000, 0x0000000100000000)
  eden space 25600K, 100% used [0x00000000f5580000,0x00000000f6e80000,0x00000000f6e80000)
  from space 18432K, 31% used [0x00000000f8080000,0x00000000f862fb08,0x00000000f9280000)
  to   space 18432K, 0% used [0x00000000f6e80000,0x00000000f6e80000,0x00000000f8080000)
 ParOldGen       total 349696K, used 349695K [0x00000000e0000000, 0x00000000f5580000, 0x00000000f5580000)
  object space 349696K, 99% used [0x00000000e0000000,0x00000000f557ff38,0x00000000f5580000)
 Metaspace       used 60122K, committed 61312K, reserved 1105920K
  class space    used 5856K, committed 6336K, reserved 1048576K
}
Event: 804.371 GC heap after
{Heap after GC invocations=540 (full 435):
 PSYoungGen      total 44032K, used 31422K [0x00000000f5580000, 0x00000000f9300000, 0x0000000100000000)
  eden space 25600K, 99% used [0x00000000f5580000,0x00000000f6e7ffa0,0x00000000f6e80000)
  from space 18432K, 31% used [0x00000000f8080000,0x00000000f862fb08,0x00000000f9280000)
  to   space 18432K, 0% used [0x00000000f6e80000,0x00000000f6e80000,0x00000000f8080000)
 ParOldGen       total 349696K, used 349695K [0x00000000e0000000, 0x00000000f5580000, 0x00000000f5580000)
  object space 349696K, 99% used [0x00000000e0000000,0x00000000f557ff18,0x00000000f5580000)
 Metaspace       used 60122K, committed 61312K, reserved 1105920K
  class space    used 5856K, committed 6336K, reserved 1048576K
}
Event: 804.371 GC heap before
{Heap before GC invocations=541 (full 436):
 PSYoungGen      total 44032K, used 31422K [0x00000000f5580000, 0x00000000f9300000, 0x0000000100000000)
  eden space 25600K, 99% used [0x00000000f5580000,0x00000000f6e7ffa0,0x00000000f6e80000)
  from space 18432K, 31% used [0x00000000f8080000,0x00000000f862fb08,0x00000000f9280000)
  to   space 18432K, 0% used [0x00000000f6e80000,0x00000000f6e80000,0x00000000f8080000)
 ParOldGen       total 349696K, used 349695K [0x00000000e0000000, 0x00000000f5580000, 0x00000000f5580000)
  object space 349696K, 99% used [0x00000000e0000000,0x00000000f557ff18,0x00000000f5580000)
 Metaspace       used 60122K, committed 61312K, reserved 1105920K
  class space    used 5856K, committed 6336K, reserved 1048576K
}
Event: 805.699 GC heap after
{Heap after GC invocations=541 (full 436):
 PSYoungGen      total 44032K, used 31422K [0x00000000f5580000, 0x00000000f9300000, 0x0000000100000000)
  eden space 25600K, 99% used [0x00000000f5580000,0x00000000f6e7ffa0,0x00000000f6e80000)
  from space 18432K, 31% used [0x00000000f8080000,0x00000000f862fb08,0x00000000f9280000)
  to   space 18432K, 0% used [0x00000000f6e80000,0x00000000f6e80000,0x00000000f8080000)
 ParOldGen       total 349696K, used 349695K [0x00000000e0000000, 0x00000000f5580000, 0x00000000f5580000)
  object space 349696K, 99% used [0x00000000e0000000,0x00000000f557ff18,0x00000000f5580000)
 Metaspace       used 60122K, committed 61312K, reserved 1105920K
  class space    used 5856K, committed 6336K, reserved 1048576K
}

