# JRE version: OpenJDK Runtime Environment GraalVM CE 22.3.0 (17.0.5+8) (build 17.0.5+8-jvmci-22.3-b08)
# Java VM: OpenJDK 64-Bit Server VM GraalVM CE 22.3.0 (17.0.5+8-jvmci-22.3-b08, mixed mode, sharing, tiered, jvmci, jvmci compiler, compressed oops, compressed class ptrs, parallel gc, linux-amd64)
GC Precious Log:
 CPUs: 8 total, 1 available
 Memory: 1024M
 Large Page Support: Disabled
 NUMA Support: Disabled
 Compressed Oops: Enabled (32-bit)
 Alignments: Space 512K, Generation 512K, Heap 2M
 Heap Min Capacity: 100M
 Heap Initial Capacity: 100M
 Heap Max Capacity: 512M
 Pre-touch: Disabled
 Parallel Workers: 1
Heap:
 PSYoungGen      total 78848K, used 45056K [0x00000000f5580000, 0x00000000fc500000, 0x0000000100000000)
  eden space 45056K, 100% used [0x00000000f5580000,0x00000000f8180000,0x00000000f8180000)
  from space 33792K, 0% used [0x00000000f8180000,0x00000000f8180000,0x00000000fa280000)
  to   space 23552K, 0% used [0x00000000fa280000,0x00000000fa280000,0x00000000fb980000)
 ParOldGen       total 349696K, used 349696K [0x00000000e0000000, 0x00000000f5580000, 0x00000000f5580000)
  object space 349696K, 100% used [0x00000000e0000000,0x00000000f5580000,0x00000000f5580000)
 Metaspace       used 64215K, committed 65280K, reserved 1114112K
  class space    used 6215K, committed 6720K, reserved 1048576K
GC Heap History (20 events):
Event: 887.451 GC heap before
{Heap before GC invocations=483 (full 402):
 PSYoungGen      total 78848K, used 45056K [0x00000000f5580000, 0x00000000fc500000, 0x0000000100000000)
  eden space 45056K, 100% used [0x00000000f5580000,0x00000000f8180000,0x00000000f8180000)
  from space 33792K, 0% used [0x00000000f8180000,0x00000000f8180000,0x00000000fa280000)
  to   space 23552K, 0% used [0x00000000fa280000,0x00000000fa280000,0x00000000fb980000)
 ParOldGen       total 349696K, used 349696K [0x00000000e0000000, 0x00000000f5580000, 0x00000000f5580000)
  object space 349696K, 100% used [0x00000000e0000000,0x00000000f5580000,0x00000000f5580000)
 Metaspace       used 64214K, committed 65280K, reserved 1114112K
  class space    used 6215K, committed 6720K, reserved 1048576K
}
Event: 889.140 GC heap after
{Heap after GC invocations=483 (full 402):
 PSYoungGen      total 68608K, used 45055K [0x00000000f5580000, 0x00000000fc500000, 0x0000000100000000)
  eden space 45056K, 99% used [0x00000000f5580000,0x00000000f817ffe0,0x00000000f8180000)
  from space 23552K, 0% used [0x00000000fa280000,0x00000000fa280000,0x00000000fb980000)
  to   space 33792K, 0% used [0x00000000f8180000,0x00000000f8180000,0x00000000fa280000)
 ParOldGen       total 349696K, used 349695K [0x00000000e0000000, 0x00000000f5580000, 0x00000000f5580000)
  object space 349696K, 99% used [0x00000000e0000000,0x00000000f557ff68,0x00000000f5580000)
 Metaspace       used 64214K, committed 65280K, reserved 1114112K
  class space    used 6215K, committed 6720K, reserved 1048576K
}
Event: 889.146 GC heap before
{Heap before GC invocations=484 (full 403):
 PSYoungGen      total 68608K, used 45055K [0x00000000f5580000, 0x00000000fc500000, 0x0000000100000000)
  eden space 45056K, 99% used [0x00000000f5580000,0x00000000f817fff8,0x00000000f8180000)
  from space 23552K, 0% used [0x00000000fa280000,0x00000000fa280000,0x00000000fb980000)
  to   space 33792K, 0% used [0x00000000f8180000,0x00000000f8180000,0x00000000fa280000)
 ParOldGen       total 349696K, used 349695K [0x00000000e0000000, 0x00000000f5580000, 0x00000000f5580000)
  object space 349696K, 99% used [0x00000000e0000000,0x00000000f557ff68,0x00000000f5580000)
 Metaspace       used 64214K, committed 65280K, reserved 1114112K
  class space    used 6215K, committed 6720K, reserved 1048576K
}
Event: 890.503 GC heap after
{Heap after GC invocations=484 (full 403):
 PSYoungGen      total 78848K, used 45055K [0x00000000f5580000, 0x00000000fc500000, 0x0000000100000000)
  eden space 45056K, 99% used [0x00000000f5580000,0x00000000f817fff8,0x00000000f8180000)
  from space 33792K, 0% used [0x00000000f8180000,0x00000000f8180000,0x00000000fa280000)
  to   space 23552K, 0% used [0x00000000fa280000,0x00000000fa280000,0x00000000fb980000)
 ParOldGen       total 349696K, used 349695K [0x00000000e0000000, 0x00000000f5580000, 0x00000000f5580000)
  object space 349696K, 99% used [0x00000000e0000000,0x00000000f557ff48,0x00000000f5580000)
 Metaspace       used 64214K, committed 65280K, reserved 1114112K
  class space    used 6215K, committed 6720K, reserved 1048576K
}
Event: 890.503 GC heap before
{Heap before GC invocations=485 (full 404):
 PSYoungGen      total 78848K, used 45055K [0x00000000f5580000, 0x00000000fc500000, 0x0000000100000000)
  eden space 45056K, 99% used [0x00000000f5580000,0x00000000f817fff8,0x00000000f8180000)
  from space 33792K, 0% used [0x00000000f8180000,0x00000000f8180000,0x00000000fa280000)
  to   space 23552K, 0% used [0x00000000fa280000,0x00000000fa280000,0x00000000fb980000)
 ParOldGen       total 349696K, used 349695K [0x00000000e0000000, 0x00000000f5580000, 0x00000000f5580000)
  object space 349696K, 99% used [0x00000000e0000000,0x00000000f557ffc0,0x00000000f5580000)
 Metaspace       used 64214K, committed 65280K, reserved 1114112K
  class space    used 6215K, committed 6720K, reserved 1048576K
}
Event: 892.058 GC heap after
{Heap after GC invocations=485 (full 404):
 PSYoungGen      total 68608K, used 45055K [0x00000000f5580000, 0x00000000fc500000, 0x0000000100000000)
  eden space 45056K, 99% used [0x00000000f5580000,0x00000000f817fff8,0x00000000f8180000)
  from space 23552K, 0% used [0x00000000fa280000,0x00000000fa280000,0x00000000fb980000)
  to   space 33792K, 0% used [0x00000000f8180000,0x00000000f8180000,0x00000000fa280000)
 ParOldGen       total 349696K, used 349695K [0x00000000e0000000, 0x00000000f5580000, 0x00000000f5580000)
  object space 349696K, 99% used [0x00000000e0000000,0x00000000f557ffc0,0x00000000f5580000)
 Metaspace       used 64214K, committed 65280K, reserved 1114112K
  class space    used 6215K, committed 6720K, reserved 1048576K
}
Event: 892.058 GC heap before
{Heap before GC invocations=486 (full 405):
 PSYoungGen      total 68608K, used 45055K [0x00000000f5580000, 0x00000000fc500000, 0x0000000100000000)
  eden space 45056K, 99% used [0x00000000f5580000,0x00000000f817fff8,0x00000000f8180000)
  from space 23552K, 0% used [0x00000000fa280000,0x00000000fa280000,0x00000000fb980000)
  to   space 33792K, 0% used [0x00000000f8180000,0x00000000f8180000,0x00000000fa280000)
 ParOldGen       total 349696K, used 349695K [0x00000000e0000000, 0x00000000f5580000, 0x00000000f5580000)
  object space 349696K, 99% used [0x00000000e0000000,0x00000000f557ffc0,0x00000000f5580000)
 Metaspace       used 64214K, committed 65280K, reserved 1114112K
  class space    used 6215K, committed 6720K, reserved 1048576K
}
Event: 893.581 GC heap after
{Heap after GC invocations=486 (full 405):
 PSYoungGen      total 78848K, used 45055K [0x00000000f5580000, 0x00000000fc500000, 0x0000000100000000)
  eden space 45056K, 99% used [0x00000000f5580000,0x00000000f817fff8,0x00000000f8180000)
  from space 33792K, 0% used [0x00000000f8180000,0x00000000f8180000,0x00000000fa280000)
  to   space 23552K, 0% used [0x00000000fa280000,0x00000000fa280000,0x00000000fb980000)
 ParOldGen       total 349696K, used 349695K [0x00000000e0000000, 0x00000000f5580000, 0x00000000f5580000)
  object space 349696K, 99% used [0x00000000e0000000,0x00000000f557ffc0,0x00000000f5580000)
 Metaspace       used 64214K, committed 65280K, reserved 1114112K
  class space    used 6215K, committed 6720K, reserved 1048576K
}
Event: 893.582 GC heap before
{Heap before GC invocations=487 (full 406):
 PSYoungGen      total 78848K, used 45055K [0x00000000f5580000, 0x00000000fc500000, 0x0000000100000000)
  eden space 45056K, 99% used [0x00000000f5580000,0x00000000f817fff8,0x00000000f8180000)
  from space 33792K, 0% used [0x00000000f8180000,0x00000000f8180000,0x00000000fa280000)
  to   space 23552K, 0% used [0x00000000fa280000,0x00000000fa280000,0x00000000fb980000)
 ParOldGen       total 349696K, used 349695K [0x00000000e0000000, 0x00000000f5580000, 0x00000000f5580000)
  object space 349696K, 99% used [0x00000000e0000000,0x00000000f557fff8,0x00000000f5580000)
 Metaspace       used 64214K, committed 65280K, reserved 1114112K
  class space    used 6215K, committed 6720K, reserved 1048576K
}
Event: 895.158 GC heap after
{Heap after GC invocations=487 (full 406):
 PSYoungGen      total 68608K, used 45055K [0x00000000f5580000, 0x00000000fc500000, 0x0000000100000000)
  eden space 45056K, 99% used [0x00000000f5580000,0x00000000f817ffe0,0x00000000f8180000)
  from space 23552K, 0% used [0x00000000fa280000,0x00000000fa280000,0x00000000fb980000)
  to   space 33792K, 0% used [0x00000000f8180000,0x00000000f8180000,0x00000000fa280000)
 ParOldGen       total 349696K, used 349695K [0x00000000e0000000, 0x00000000f5580000, 0x00000000f5580000)
  object space 349696K, 99% used [0x00000000e0000000,0x00000000f557fe98,0x00000000f5580000)
 Metaspace       used 64214K, committed 65280K, reserved 1114112K
  class space    used 6215K, committed 6720K, reserved 1048576K
}
Event: 895.159 GC heap before
{Heap before GC invocations=488 (full 407):
 PSYoungGen      total 68608K, used 45055K [0x00000000f5580000, 0x00000000fc500000, 0x0000000100000000)
  eden space 45056K, 99% used [0x00000000f5580000,0x00000000f817fff8,0x00000000f8180000)
  from space 23552K, 0% used [0x00000000fa280000,0x00000000fa280000,0x00000000fb980000)
  to   space 33792K, 0% used [0x00000000f8180000,0x00000000f8180000,0x00000000fa280000)
 ParOldGen       total 349696K, used 349695K [0x00000000e0000000, 0x00000000f5580000, 0x00000000f5580000)
  object space 349696K, 99% used [0x00000000e0000000,0x00000000f557fe98,0x00000000f5580000)
 Metaspace       used 64214K, committed 65280K, reserved 1114112K
  class space    used 6215K, committed 6720K, reserved 1048576K
}
Event: 896.583 GC heap after
{Heap after GC invocations=488 (full 407):
 PSYoungGen      total 78848K, used 45055K [0x00000000f5580000, 0x00000000fc500000, 0x0000000100000000)
  eden space 45056K, 99% used [0x00000000f5580000,0x00000000f817fff8,0x00000000f8180000)
  from space 33792K, 0% used [0x00000000f8180000,0x00000000f8180000,0x00000000fa280000)
  to   space 23552K, 0% used [0x00000000fa280000,0x00000000fa280000,0x00000000fb980000)
 ParOldGen       total 349696K, used 349695K [0x00000000e0000000, 0x00000000f5580000, 0x00000000f5580000)
  object space 349696K, 99% used [0x00000000e0000000,0x00000000f557fe98,0x00000000f5580000)
 Metaspace       used 64214K, committed 65280K, reserved 1114112K
  class space    used 6215K, committed 6720K, reserved 1048576K
}
Event: 896.584 GC heap before
{Heap before GC invocations=489 (full 408):
 PSYoungGen      total 78848K, used 45055K [0x00000000f5580000, 0x00000000fc500000, 0x0000000100000000)
  eden space 45056K, 99% used [0x00000000f5580000,0x00000000f817fff8,0x00000000f8180000)
  from space 33792K, 0% used [0x00000000f8180000,0x00000000f8180000,0x00000000fa280000)
  to   space 23552K, 0% used [0x00000000fa280000,0x00000000fa280000,0x00000000fb980000)
 ParOldGen       total 349696K, used 349695K [0x00000000e0000000, 0x00000000f5580000, 0x00000000f5580000)
  object space 349696K, 99% used [0x00000000e0000000,0x00000000f557ffe0,0x00000000f5580000)
 Metaspace       used 64215K, committed 65280K, reserved 1114112K
  class space    used 6215K, committed 6720K, reserved 1048576K
}
Event: 898.275 GC heap after
{Heap after GC invocations=489 (full 408):
 PSYoungGen      total 68608K, used 45055K [0x00000000f5580000, 0x00000000fc500000, 0x0000000100000000)
  eden space 45056K, 99% used [0x00000000f5580000,0x00000000f817ffe0,0x00000000f8180000)
  from space 23552K, 0% used [0x00000000fa280000,0x00000000fa280000,0x00000000fb980000)
  to   space 33792K, 0% used [0x00000000f8180000,0x00000000f8180000,0x00000000fa280000)
 ParOldGen       total 349696K, used 349695K [0x00000000e0000000, 0x00000000f5580000, 0x00000000f5580000)
  object space 349696K, 99% used [0x00000000e0000000,0x00000000f557ff40,0x00000000f5580000)
 Metaspace       used 64215K, committed 65280K, reserved 1114112K
  class space    used 6215K, committed 6720K, reserved 1048576K
}
Event: 898.277 GC heap before
{Heap before GC invocations=490 (full 409):
 PSYoungGen      total 68608K, used 45056K [0x00000000f5580000, 0x00000000fc500000, 0x0000000100000000)
  eden space 45056K, 100% used [0x00000000f5580000,0x00000000f8180000,0x00000000f8180000)
  from space 23552K, 0% used [0x00000000fa280000,0x00000000fa280000,0x00000000fb980000)
  to   space 33792K, 0% used [0x00000000f8180000,0x00000000f8180000,0x00000000fa280000)
 ParOldGen       total 349696K, used 349696K [0x00000000e0000000, 0x00000000f5580000, 0x00000000f5580000)
  object space 349696K, 100% used [0x00000000e0000000,0x00000000f5580000,0x00000000f5580000)
 Metaspace       used 64215K, committed 65280K, reserved 1114112K
  class space    used 6215K, committed 6720K, reserved 1048576K
}
Event: 899.863 GC heap after
{Heap after GC invocations=490 (full 409):
 PSYoungGen      total 78848K, used 45055K [0x00000000f5580000, 0x00000000fc500000, 0x0000000100000000)
  eden space 45056K, 99% used [0x00000000f5580000,0x00000000f817ffd0,0x00000000f8180000)
  from space 33792K, 0% used [0x00000000f8180000,0x00000000f8180000,0x00000000fa280000)
  to   space 23552K, 0% used [0x00000000fa280000,0x00000000fa280000,0x00000000fb980000)
 ParOldGen       total 349696K, used 349695K [0x00000000e0000000, 0x00000000f5580000, 0x00000000f5580000)
  object space 349696K, 99% used [0x00000000e0000000,0x00000000f557ffe0,0x00000000f5580000)
 Metaspace       used 64215K, committed 65280K, reserved 1114112K
  class space    used 6215K, committed 6720K, reserved 1048576K
}
Event: 899.863 GC heap before
{Heap before GC invocations=491 (full 410):
 PSYoungGen      total 78848K, used 45056K [0x00000000f5580000, 0x00000000fc500000, 0x0000000100000000)
  eden space 45056K, 100% used [0x00000000f5580000,0x00000000f8180000,0x00000000f8180000)
  from space 33792K, 0% used [0x00000000f8180000,0x00000000f8180000,0x00000000fa280000)
  to   space 23552K, 0% used [0x00000000fa280000,0x00000000fa280000,0x00000000fb980000)
 ParOldGen       total 349696K, used 349695K [0x00000000e0000000, 0x00000000f5580000, 0x00000000f5580000)
  object space 349696K, 99% used [0x00000000e0000000,0x00000000f557ffe0,0x00000000f5580000)
 Metaspace       used 64215K, committed 65280K, reserved 1114112K
  class space    used 6215K, committed 6720K, reserved 1048576K
}
Event: 901.599 GC heap after
{Heap after GC invocations=491 (full 410):
 PSYoungGen      total 68608K, used 45055K [0x00000000f5580000, 0x00000000fc500000, 0x0000000100000000)
  eden space 45056K, 99% used [0x00000000f5580000,0x00000000f817ffe0,0x00000000f8180000)
  from space 23552K, 0% used [0x00000000fa280000,0x00000000fa280000,0x00000000fb980000)
  to   space 33792K, 0% used [0x00000000f8180000,0x00000000f8180000,0x00000000fa280000)
 ParOldGen       total 349696K, used 349695K [0x00000000e0000000, 0x00000000f5580000, 0x00000000f5580000)
  object space 349696K, 99% used [0x00000000e0000000,0x00000000f557ffe0,0x00000000f5580000)
 Metaspace       used 64215K, committed 65280K, reserved 1114112K
  class space    used 6215K, committed 6720K, reserved 1048576K
}
Event: 901.599 GC heap before
{Heap before GC invocations=492 (full 411):
 PSYoungGen      total 68608K, used 45055K [0x00000000f5580000, 0x00000000fc500000, 0x0000000100000000)
  eden space 45056K, 99% used [0x00000000f5580000,0x00000000f817ffe0,0x00000000f8180000)
  from space 23552K, 0% used [0x00000000fa280000,0x00000000fa280000,0x00000000fb980000)
  to   space 33792K, 0% used [0x00000000f8180000,0x00000000f8180000,0x00000000fa280000)
 ParOldGen       total 349696K, used 349695K [0x00000000e0000000, 0x00000000f5580000, 0x00000000f5580000)
  object space 349696K, 99% used [0x00000000e0000000,0x00000000f557ffe0,0x00000000f5580000)
 Metaspace       used 64215K, committed 65280K, reserved 1114112K
  class space    used 6215K, committed 6720K, reserved 1048576K
}
Event: 903.246 GC heap after
{Heap after GC invocations=492 (full 411):
 PSYoungGen      total 78848K, used 45055K [0x00000000f5580000, 0x00000000fc500000, 0x0000000100000000)
  eden space 45056K, 99% used [0x00000000f5580000,0x00000000f817ffe0,0x00000000f8180000)
  from space 33792K, 0% used [0x00000000f8180000,0x00000000f8180000,0x00000000fa280000)
  to   space 23552K, 0% used [0x00000000fa280000,0x00000000fa280000,0x00000000fb980000)
 ParOldGen       total 349696K, used 349695K [0x00000000e0000000, 0x00000000f5580000, 0x00000000f5580000)
  object space 349696K, 99% used [0x00000000e0000000,0x00000000f557ffe0,0x00000000f5580000)
 Metaspace       used 64215K, committed 65280K, reserved 1114112K
  class space    used 6215K, committed 6720K, reserved 1048576K
}

